Dr. Memory version 2.2.0 build 1 built on Jul  1 2019 00:42:20
Windows version: WinVer=105;Rel=1903;Build=18362;Edition=Enterprise
Dr. Memory results for pid 9288: "hw10.exe"
Application cmdline: "C:\Users\rugar\Desktop\c++\hw10\cmake-build-debug\hw10.exe"
Recorded 117 suppression(s) from default C:\Program Files (x86)\Dr. Memory\bin\suppress-default.txt

Error #1: UNINITIALIZED READ: reading register eax
# 0 KERNELBASE.dll!FindNextFileW 
# 1 KERNELBASE.dll!FindNextFileA 
# 2 .text                              [C:/Users/rugar/CLionProjects/hw10/main.cpp:51]
# 3 __mingw_glob                       [C:/Users/rugar/CLionProjects/hw10/main.cpp:51]
# 4 _setargv                           [C:/Users/rugar/CLionProjects/hw10/main.cpp:51]
# 5 .text   
# 6 mainCRTStartup
# 7 ntdll.dll!__RtlUserThreadStart
Note: @0:00:00.406 in thread 14980
Note: instruction: cmp    %eax $0x00000018

Error #2: UNINITIALIZED READ: reading register eax
# 0 KERNELBASE.dll!FindNextFileW 
# 1 KERNELBASE.dll!FindNextFileA 
# 2 .text                              [C:/Users/rugar/CLionProjects/hw10/main.cpp:51]
# 3 __mingw_glob                       [C:/Users/rugar/CLionProjects/hw10/main.cpp:51]
# 4 _setargv                           [C:/Users/rugar/CLionProjects/hw10/main.cpp:51]
# 5 .text   
# 6 mainCRTStartup
# 7 ntdll.dll!__RtlUserThreadStart
Note: @0:00:00.438 in thread 14980
Note: instruction: data16 mov    %cx -> 0x00000234(%esi,%eax,2)

Error #3: UNINITIALIZED READ: reading register eax
# 0 KERNELBASE.dll!FindNextFileW 
# 1 KERNELBASE.dll!FindNextFileA 
# 2 .text                              [C:/Users/rugar/CLionProjects/hw10/main.cpp:51]
# 3 __mingw_glob                       [C:/Users/rugar/CLionProjects/hw10/main.cpp:51]
# 4 _setargv                           [C:/Users/rugar/CLionProjects/hw10/main.cpp:51]
# 5 .text   
# 6 mainCRTStartup
# 7 ntdll.dll!__RtlUserThreadStart
Note: @0:00:00.451 in thread 14980
Note: instruction: test   %eax %eax

Error #4: LEAK 0 direct bytes 0x017c8388-0x017c8388 + 0 indirect bytes
# 0 replace_operator_new_array               [d:\drmemory_package\common\alloc_replace.c:2929]
# 1 Array<>::Array                           [C:/Users/rugar/CLionProjects/hw10/Array.cpp:5]
# 2 Array<>::Array                           [C:/Users/rugar/CLionProjects/hw10/Array.cpp:5]
# 3 main                                     [C:/Users/rugar/CLionProjects/hw10/main.cpp:26]

Error #5: LEAK 0 direct bytes 0x017c8478-0x017c8478 + 0 indirect bytes
# 0 replace_operator_new_array               [d:\drmemory_package\common\alloc_replace.c:2929]
# 1 Array<>::Array                           [C:/Users/rugar/CLionProjects/hw10/Array.cpp:5]
# 2 Array<>::Array                           [C:/Users/rugar/CLionProjects/hw10/Array.cpp:5]
# 3 main                                     [C:/Users/rugar/CLionProjects/hw10/main.cpp:27]

===========================================================================
FINAL SUMMARY:

DUPLICATE ERROR COUNTS:
	Error #   1:      4
	Error #   2:      4
	Error #   4:      2
	Error #   5:      3

SUPPRESSIONS USED:

ERRORS FOUND:
      0 unique,     0 total unaddressable access(es)
      3 unique,     9 total uninitialized access(es)
      0 unique,     0 total invalid heap argument(s)
      0 unique,     0 total GDI usage error(s)
      0 unique,     0 total handle leak(s)
      0 unique,     0 total warning(s)
      2 unique,     5 total,      0 byte(s) of leak(s)
      0 unique,     0 total,      0 byte(s) of possible leak(s)
ERRORS IGNORED:
      5 unique,     5 total,    349 byte(s) of still-reachable allocation(s)
         (re-run with "-show_reachable" for details)
Details: C:\Users\rugar\AppData\Roaming\Dr. Memory\DrMemory-hw10.exe.9288.000\results.txt
