Dr. Memory version 2.2.0 build 1 built on Jul  1 2019 00:42:20
Windows version: WinVer=105;Rel=1903;Build=18362;Edition=Enterprise
Dr. Memory results for pid 11244: "hw7_3.exe"
Application cmdline: "C:\Users\rugar\Desktop\c++\hw7.3\cmake-build-debug\hw7_3.exe"
Recorded 117 suppression(s) from default C:\Program Files (x86)\Dr. Memory\bin\suppress-default.txt

Error #1: UNINITIALIZED READ: reading register eax
# 0 KERNELBASE.dll!FindNextFileW 
# 1 KERNELBASE.dll!FindNextFileA 
# 2 .text                              [C:/Users/rugar/Desktop/c++/hw7.3/main.cpp:20]
# 3 __mingw_glob                       [C:/Users/rugar/Desktop/c++/hw7.3/main.cpp:20]
# 4 _setargv                           [C:/Users/rugar/Desktop/c++/hw7.3/main.cpp:20]
# 5 .text                              [c:/mingw/lib/gcc/mingw32/8.2.0/include/c++/bits/basic_string.tcc:154]
# 6 mainCRTStartup                     [c:/mingw/lib/gcc/mingw32/8.2.0/include/c++/bits/basic_string.tcc:154]
# 7 ntdll.dll!__RtlUserThreadStart
Note: @0:00:00.660 in thread 2296
Note: instruction: cmp    %eax $0x00000018

Error #2: UNINITIALIZED READ: reading register eax
# 0 KERNELBASE.dll!FindNextFileW 
# 1 KERNELBASE.dll!FindNextFileA 
# 2 .text                              [C:/Users/rugar/Desktop/c++/hw7.3/main.cpp:20]
# 3 __mingw_glob                       [C:/Users/rugar/Desktop/c++/hw7.3/main.cpp:20]
# 4 _setargv                           [C:/Users/rugar/Desktop/c++/hw7.3/main.cpp:20]
# 5 .text                              [c:/mingw/lib/gcc/mingw32/8.2.0/include/c++/bits/basic_string.tcc:154]
# 6 mainCRTStartup                     [c:/mingw/lib/gcc/mingw32/8.2.0/include/c++/bits/basic_string.tcc:154]
# 7 ntdll.dll!__RtlUserThreadStart
Note: @0:00:00.663 in thread 2296
Note: instruction: data16 mov    %cx -> 0x00000234(%esi,%eax,2)

Error #3: UNINITIALIZED READ: reading register eax
# 0 KERNELBASE.dll!FindNextFileW 
# 1 KERNELBASE.dll!FindNextFileA 
# 2 .text                              [C:/Users/rugar/Desktop/c++/hw7.3/main.cpp:20]
# 3 __mingw_glob                       [C:/Users/rugar/Desktop/c++/hw7.3/main.cpp:20]
# 4 _setargv                           [C:/Users/rugar/Desktop/c++/hw7.3/main.cpp:20]
# 5 .text                              [c:/mingw/lib/gcc/mingw32/8.2.0/include/c++/bits/basic_string.tcc:154]
# 6 mainCRTStartup                     [c:/mingw/lib/gcc/mingw32/8.2.0/include/c++/bits/basic_string.tcc:154]
# 7 ntdll.dll!__RtlUserThreadStart
Note: @0:00:00.681 in thread 2296
Note: instruction: test   %eax %eax

===========================================================================
FINAL SUMMARY:

DUPLICATE ERROR COUNTS:
	Error #   1:      4
	Error #   2:      4

SUPPRESSIONS USED:

ERRORS FOUND:
      0 unique,     0 total unaddressable access(es)
      3 unique,     9 total uninitialized access(es)
      0 unique,     0 total invalid heap argument(s)
      0 unique,     0 total GDI usage error(s)
      0 unique,     0 total handle leak(s)
      0 unique,     0 total warning(s)
      0 unique,     0 total,      0 byte(s) of leak(s)
      0 unique,     0 total,      0 byte(s) of possible leak(s)
ERRORS IGNORED:
      5 unique,     5 total,    351 byte(s) of still-reachable allocation(s)
         (re-run with "-show_reachable" for details)
Details: C:\Users\rugar\AppData\Roaming\Dr. Memory\DrMemory-hw7_3.exe.11244.000\results.txt
