Dr. Memory version 2.2.0 build 1 built on Jul  1 2019 00:42:20
Windows version: WinVer=105;Rel=1903;Build=18362;Edition=Enterprise
Dr. Memory results for pid 1968: "dz6.exe"
Application cmdline: "C:\Users\rugar\Desktop\c++\dz6\cmake-build-debug\dz6.exe"
Recorded 117 suppression(s) from default C:\Program Files (x86)\Dr. Memory\bin\suppress-default.txt

Error #1: UNINITIALIZED READ: reading register eax
# 0 KERNELBASE.dll!FindNextFileW 
# 1 KERNELBASE.dll!FindNextFileA 
# 2 .text                              [../../../src/gcc-8.2.0/libgcc/config/i386/cygwin.S:164]
# 3 __mingw_glob                       [../../../src/gcc-8.2.0/libgcc/config/i386/cygwin.S:164]
# 4 _setargv                           [C:/Users/rugar/Desktop/c++/dz6/String.cpp:44]
# 5 .text  
# 6 mainCRTStartup
# 7 ntdll.dll!__RtlUserThreadStart
Note: @0:00:00.579 in thread 5148
Note: instruction: cmp    %eax $0x00000018

Error #2: UNINITIALIZED READ: reading register eax
# 0 KERNELBASE.dll!FindNextFileW 
# 1 KERNELBASE.dll!FindNextFileA 
# 2 .text                              [../../../src/gcc-8.2.0/libgcc/config/i386/cygwin.S:164]
# 3 __mingw_glob                       [../../../src/gcc-8.2.0/libgcc/config/i386/cygwin.S:164]
# 4 _setargv                           [C:/Users/rugar/Desktop/c++/dz6/String.cpp:44]
# 5 .text  
# 6 mainCRTStartup
# 7 ntdll.dll!__RtlUserThreadStart
Note: @0:00:00.583 in thread 5148
Note: instruction: data16 mov    %cx -> 0x00000234(%esi,%eax,2)

Error #3: UNINITIALIZED READ: reading register eax
# 0 KERNELBASE.dll!FindNextFileW 
# 1 KERNELBASE.dll!FindNextFileA 
# 2 .text                              [../../../src/gcc-8.2.0/libgcc/config/i386/cygwin.S:164]
# 3 __mingw_glob                       [../../../src/gcc-8.2.0/libgcc/config/i386/cygwin.S:164]
# 4 _setargv                           [C:/Users/rugar/Desktop/c++/dz6/String.cpp:44]
# 5 .text  
# 6 mainCRTStartup
# 7 ntdll.dll!__RtlUserThreadStart
Note: @0:00:00.602 in thread 5148
Note: instruction: test   %eax %eax

Error #4: UNADDRESSABLE ACCESS beyond heap bounds: writing 0x017482c5-0x017482c6 1 byte(s)
# 0 replace_strcpy               [d:\drmemory_package\drmemory\replace.c:598]
# 1 String::String               [C:/Users/rugar/Desktop/c++/dz6/String.cpp:7]
# 2 main                         [C:/Users/rugar/Desktop/c++/dz6/main.cpp:5]
Note: @0:00:01.342 in thread 5148
Note: refers to 0 byte(s) beyond last valid byte in prior malloc
Note: prev lower malloc:  0x017482c0-0x017482c5
Note: instruction: mov    $0x00 -> (%eax)

Error #5: UNADDRESSABLE ACCESS beyond heap bounds: writing 0x017482c5-0x017482c6 1 byte(s)
# 0 String::String               [C:/Users/rugar/Desktop/c++/dz6/String.cpp:8]
# 1 main                         [C:/Users/rugar/Desktop/c++/dz6/main.cpp:5]
Note: @0:00:01.344 in thread 5148
Note: refers to 0 byte(s) beyond last valid byte in prior malloc
Note: prev lower malloc:  0x017482c0-0x017482c5
Note: instruction: mov    $0x00 -> (%eax)

Error #6: UNADDRESSABLE ACCESS beyond heap bounds: writing 0x017482ed-0x017482ee 1 byte(s)
# 0 replace_strcpy               [d:\drmemory_package\drmemory\replace.c:598]
# 1 String::String               [C:/Users/rugar/Desktop/c++/dz6/String.cpp:7]
# 2 main                         [C:/Users/rugar/Desktop/c++/dz6/main.cpp:6]
Note: @0:00:01.348 in thread 5148
Note: refers to 0 byte(s) beyond last valid byte in prior malloc
Note: prev lower malloc:  0x017482e8-0x017482ed
Note: instruction: mov    $0x00 -> (%eax)

Error #7: UNADDRESSABLE ACCESS beyond heap bounds: writing 0x017482ed-0x017482ee 1 byte(s)
# 0 String::String               [C:/Users/rugar/Desktop/c++/dz6/String.cpp:8]
# 1 main                         [C:/Users/rugar/Desktop/c++/dz6/main.cpp:6]
Note: @0:00:01.350 in thread 5148
Note: refers to 0 byte(s) beyond last valid byte in prior malloc
Note: prev lower malloc:  0x017482e8-0x017482ed
Note: instruction: mov    $0x00 -> (%eax)

Error #8: UNADDRESSABLE ACCESS beyond heap bounds: writing 0x0174831c-0x0174831d 1 byte(s)
# 0 replace_strcpy               [d:\drmemory_package\drmemory\replace.c:598]
# 1 String::String               [C:/Users/rugar/Desktop/c++/dz6/String.cpp:7]
# 2 main                         [C:/Users/rugar/Desktop/c++/dz6/main.cpp:7]
Note: @0:00:01.352 in thread 5148
Note: refers to 0 byte(s) beyond last valid byte in prior malloc
Note: prev lower malloc:  0x01748310-0x0174831c
Note: instruction: mov    $0x00 -> (%eax)

Error #9: UNADDRESSABLE ACCESS beyond heap bounds: writing 0x0174831c-0x0174831d 1 byte(s)
# 0 String::String               [C:/Users/rugar/Desktop/c++/dz6/String.cpp:8]
# 1 main                         [C:/Users/rugar/Desktop/c++/dz6/main.cpp:7]
Note: @0:00:01.354 in thread 5148
Note: refers to 0 byte(s) beyond last valid byte in prior malloc
Note: prev lower malloc:  0x01748310-0x0174831c
Note: instruction: mov    $0x00 -> (%eax)

Error #10: UNADDRESSABLE ACCESS beyond heap bounds: reading 0x017482c5-0x017482c6 1 byte(s)
# 0 _fu4___ZSt4cout                    [C:/Users/rugar/Desktop/c++/dz6/String.cpp:39]
# 1 _fu0___ZSt4cout                    [C:/Users/rugar/Desktop/c++/dz6/main.cpp:9]
# 2 .text  
# 3 mainCRTStartup
# 4 ntdll.dll!__RtlUserThreadStart
Note: @0:00:01.529 in thread 5148
Note: next higher malloc: 0x017482e8-0x017482ed
Note: refers to 0 byte(s) beyond last valid byte in prior malloc
Note: prev lower malloc:  0x017482c0-0x017482c5
Note: instruction: movzx  (%eax) -> %eax

Error #11: UNADDRESSABLE ACCESS beyond heap bounds: reading 0x017482ed-0x017482ee 1 byte(s)
# 0 _fu4___ZSt4cout                    [C:/Users/rugar/Desktop/c++/dz6/String.cpp:39]
# 1 _fu0___ZSt4cout                    [C:/Users/rugar/Desktop/c++/dz6/main.cpp:10]
# 2 .text  
# 3 mainCRTStartup
# 4 ntdll.dll!__RtlUserThreadStart
Note: @0:00:01.570 in thread 5148
Note: next higher malloc: 0x01748310-0x0174831c
Note: refers to 0 byte(s) beyond last valid byte in prior malloc
Note: prev lower malloc:  0x017482e8-0x017482ed
Note: instruction: movzx  (%eax) -> %eax

Error #12: UNADDRESSABLE ACCESS beyond heap bounds: reading 0x0174831c-0x0174831d 1 byte(s)
# 0 _fu4___ZSt4cout                    [C:/Users/rugar/Desktop/c++/dz6/String.cpp:39]
# 1 _fu0___ZSt4cout                    [C:/Users/rugar/Desktop/c++/dz6/main.cpp:11]
# 2 .text  
# 3 mainCRTStartup
# 4 ntdll.dll!__RtlUserThreadStart
Note: @0:00:01.600 in thread 5148
Note: refers to 0 byte(s) beyond last valid byte in prior malloc
Note: prev lower malloc:  0x01748310-0x0174831c
Note: instruction: movzx  (%eax) -> %eax

Error #13: UNADDRESSABLE ACCESS beyond heap bounds: reading 0x017482c5-0x017482c6 1 byte(s)
# 0 replace_strcpy                     [d:\drmemory_package\drmemory\replace.c:596]
# 1 String::append                     [C:/Users/rugar/Desktop/c++/dz6/String.cpp:17]
# 2 _fu0___ZSt4cout                    [C:/Users/rugar/Desktop/c++/dz6/main.cpp:13]
# 3 .text  
# 4 mainCRTStartup
# 5 ntdll.dll!__RtlUserThreadStart
Note: @0:00:01.607 in thread 5148
Note: next higher malloc: 0x017482e8-0x017482ed
Note: refers to 0 byte(s) beyond last valid byte in prior malloc
Note: prev lower malloc:  0x017482c0-0x017482c5
Note: instruction: movsx  (%edx) -> %eax

Error #14: UNADDRESSABLE ACCESS beyond heap bounds: reading 0x017482ed-0x017482ee 1 byte(s)
# 0 replace_strcpy                     [d:\drmemory_package\drmemory\replace.c:596]
# 1 String::append                     [C:/Users/rugar/Desktop/c++/dz6/String.cpp:17]
# 2 _fu0___ZSt4cout                    [C:/Users/rugar/Desktop/c++/dz6/main.cpp:13]
# 3 .text  
# 4 mainCRTStartup
# 5 ntdll.dll!__RtlUserThreadStart
Note: @0:00:01.614 in thread 5148
Note: next higher malloc: 0x01748310-0x0174831c
Note: refers to 0 byte(s) beyond last valid byte in prior malloc
Note: prev lower malloc:  0x017482e8-0x017482ed
Note: instruction: movsx  (%edx) -> %eax

Error #15: UNADDRESSABLE ACCESS beyond heap bounds: reading 0x017482ed-0x017482ee 1 byte(s)
# 0 String::operator=                  [C:/Users/rugar/Desktop/c++/dz6/String.cpp:31]
# 1 _fu2___ZSt4cout                    [C:/Users/rugar/Desktop/c++/dz6/main.cpp:18]
# 2 .text  
# 3 mainCRTStartup
# 4 ntdll.dll!__RtlUserThreadStart
Note: @0:00:01.658 in thread 5148
Note: next higher malloc: 0x01748340-0x0174834b
Note: refers to 0 byte(s) beyond last valid byte in prior malloc
Note: prev lower malloc:  0x017482e8-0x017482ed
Note: instruction: movzx  (%ecx) -> %eax

===========================================================================
FINAL SUMMARY:

DUPLICATE ERROR COUNTS:
	Error #   1:      4
	Error #   2:      4

SUPPRESSIONS USED:

ERRORS FOUND:
     12 unique,    12 total unaddressable access(es)
      3 unique,     9 total uninitialized access(es)
      0 unique,     0 total invalid heap argument(s)
      0 unique,     0 total GDI usage error(s)
      0 unique,     0 total handle leak(s)
      0 unique,     0 total warning(s)
      0 unique,     0 total,      0 byte(s) of leak(s)
      0 unique,     0 total,      0 byte(s) of possible leak(s)
ERRORS IGNORED:
      5 unique,     5 total,    347 byte(s) of still-reachable allocation(s)
         (re-run with "-show_reachable" for details)
Details: C:\Users\rugar\AppData\Roaming\Dr. Memory\DrMemory-dz6.exe.1968.000\results.txt
